2025.11.12 16:52:50.578 Node log from the data server with id 'zi_server':
2025.11.12 16:52:50.578   get /dev12256/raw/system/awg/runtimechecks/enable -
2025.11.12 16:52:50.578   get /dev12256/raw/system/awg/runtimechecks/enable -
2025.11.12 16:52:50.578   get /dev12256/system/clocks/referenceclock/in/freq -
2025.11.12 16:52:50.578   get /dev12256/system/clocks/referenceclock/in/sourceactual -
2025.11.12 16:52:50.578   get /dev12256/system/clocks/referenceclock/in/source -
2025.11.12 16:52:50.578   get /dev12256/system/clocks/referenceclock/in/status -
2025.11.12 16:52:50.578   get /dev12256/system/clocks/referenceclock/in/freq -
2025.11.12 16:52:50.578   get /dev12256/system/clocks/referenceclock/in/sourceactual -
2025.11.12 16:52:50.578   get /dev12256/system/clocks/referenceclock/in/source -
2025.11.12 16:52:50.578   get /dev12256/system/clocks/referenceclock/in/status -
2025.11.12 16:52:50.581 Node log from the data server with id 'zi_server':
2025.11.12 16:52:50.581   set /dev12256/raw/error/clear 1
2025.11.12 16:52:50.581   set /dev12256/sgchannels/*/pipeliner/reset 1
2025.11.12 16:52:50.581   set /dev12256/sgchannels/*/pipeliner/mode 0
2025.11.12 16:52:50.581   set /dev12256/sgchannels/*/synchronization/enable 0
2025.11.12 16:52:50.581   set /dev12256/qachannels/*/pipeliner/reset 1
2025.11.12 16:52:50.581   set /dev12256/qachannels/*/pipeliner/mode 0
2025.11.12 16:52:50.581   set /dev12256/qachannels/*/synchronization/enable 0
2025.11.12 16:52:50.581   set /dev12256/sgchannels/*/awg/enable 0
2025.11.12 16:52:50.581   set /dev12256/qachannels/*/generator/enable 0
2025.11.12 16:52:50.581   set /dev12256/system/synchronization/source 0
2025.11.12 16:52:50.581   set /dev12256/system/internaltrigger/synchronization/enable 0
2025.11.12 16:52:50.581   set /dev12256/qachannels/*/readout/result/enable 0
2025.11.12 16:52:50.581   set /dev12256/qachannels/*/spectroscopy/psd/enable 0
2025.11.12 16:52:50.581   set /dev12256/qachannels/*/spectroscopy/result/enable 0
2025.11.12 16:52:50.581   set /dev12256/qachannels/*/output/rflfinterlock 1
2025.11.12 16:52:50.581   set /dev12256/qachannels/*/oscs/*/gain 1.0
2025.11.12 16:52:50.581   set /dev12256/scopes/0/enable 0
2025.11.12 16:52:50.581   set /dev12256/scopes/0/channels/*/enable 0
2025.11.12 17:02:41.346 Node log from the data server with id 'zi_server':
2025.11.12 17:02:41.346   get /dev12256/raw/system/awg/runtimechecks/enable -
2025.11.12 17:02:41.346   get /dev12256/raw/system/awg/runtimechecks/enable -
2025.11.12 17:02:41.346   get /dev12256/system/clocks/referenceclock/in/freq -
2025.11.12 17:02:41.346   get /dev12256/system/clocks/referenceclock/in/sourceactual -
2025.11.12 17:02:41.346   get /dev12256/system/clocks/referenceclock/in/source -
2025.11.12 17:02:41.346   get /dev12256/system/clocks/referenceclock/in/status -
2025.11.12 17:02:41.346   get /dev12256/system/clocks/referenceclock/in/freq -
2025.11.12 17:02:41.346   get /dev12256/system/clocks/referenceclock/in/sourceactual -
2025.11.12 17:02:41.346   get /dev12256/system/clocks/referenceclock/in/source -
2025.11.12 17:02:41.346   get /dev12256/system/clocks/referenceclock/in/status -
2025.11.12 17:02:41.347 Node log from the data server with id 'zi_server':
2025.11.12 17:02:41.348   set /dev12256/raw/error/clear 1
2025.11.12 17:02:41.348   set /dev12256/sgchannels/*/pipeliner/reset 1
2025.11.12 17:02:41.348   set /dev12256/sgchannels/*/pipeliner/mode 0
2025.11.12 17:02:41.348   set /dev12256/sgchannels/*/synchronization/enable 0
2025.11.12 17:02:41.348   set /dev12256/qachannels/*/pipeliner/reset 1
2025.11.12 17:02:41.348   set /dev12256/qachannels/*/pipeliner/mode 0
2025.11.12 17:02:41.348   set /dev12256/qachannels/*/synchronization/enable 0
2025.11.12 17:02:41.348   set /dev12256/sgchannels/*/awg/enable 0
2025.11.12 17:02:41.348   set /dev12256/qachannels/*/generator/enable 0
2025.11.12 17:02:41.348   set /dev12256/system/synchronization/source 0
2025.11.12 17:02:41.348   set /dev12256/system/internaltrigger/synchronization/enable 0
2025.11.12 17:02:41.348   set /dev12256/qachannels/*/readout/result/enable 0
2025.11.12 17:02:41.348   set /dev12256/qachannels/*/spectroscopy/psd/enable 0
2025.11.12 17:02:41.348   set /dev12256/qachannels/*/spectroscopy/result/enable 0
2025.11.12 17:02:41.348   set /dev12256/qachannels/*/output/rflfinterlock 1
2025.11.12 17:02:41.348   set /dev12256/qachannels/*/oscs/*/gain 1.0
2025.11.12 17:02:41.348   set /dev12256/scopes/0/enable 0
2025.11.12 17:02:41.348   set /dev12256/scopes/0/channels/*/enable 0
2025.11.12 17:03:20.348 Node log from the data server with id 'zi_server':
2025.11.12 17:03:20.348   get /dev12256/raw/system/awg/runtimechecks/enable -
2025.11.12 17:03:20.348   get /dev12256/raw/system/awg/runtimechecks/enable -
2025.11.12 17:03:20.348   get /dev12256/system/clocks/referenceclock/in/freq -
2025.11.12 17:03:20.348   get /dev12256/system/clocks/referenceclock/in/sourceactual -
2025.11.12 17:03:20.348   get /dev12256/system/clocks/referenceclock/in/source -
2025.11.12 17:03:20.349   get /dev12256/system/clocks/referenceclock/in/status -
2025.11.12 17:03:20.349   get /dev12256/system/clocks/referenceclock/in/freq -
2025.11.12 17:03:20.349   get /dev12256/system/clocks/referenceclock/in/sourceactual -
2025.11.12 17:03:20.349   get /dev12256/system/clocks/referenceclock/in/source -
2025.11.12 17:03:20.349   get /dev12256/system/clocks/referenceclock/in/status -
2025.11.12 17:03:20.350 Node log from the data server with id 'zi_server':
2025.11.12 17:03:20.350   set /dev12256/raw/error/clear 1
2025.11.12 17:03:20.350   set /dev12256/sgchannels/*/pipeliner/reset 1
2025.11.12 17:03:20.350   set /dev12256/sgchannels/*/pipeliner/mode 0
2025.11.12 17:03:20.350   set /dev12256/sgchannels/*/synchronization/enable 0
2025.11.12 17:03:20.350   set /dev12256/qachannels/*/pipeliner/reset 1
2025.11.12 17:03:20.350   set /dev12256/qachannels/*/pipeliner/mode 0
2025.11.12 17:03:20.350   set /dev12256/qachannels/*/synchronization/enable 0
2025.11.12 17:03:20.350   set /dev12256/sgchannels/*/awg/enable 0
2025.11.12 17:03:20.350   set /dev12256/qachannels/*/generator/enable 0
2025.11.12 17:03:20.350   set /dev12256/system/synchronization/source 0
2025.11.12 17:03:20.350   set /dev12256/system/internaltrigger/synchronization/enable 0
2025.11.12 17:03:20.350   set /dev12256/qachannels/*/readout/result/enable 0
2025.11.12 17:03:20.350   set /dev12256/qachannels/*/spectroscopy/psd/enable 0
2025.11.12 17:03:20.350   set /dev12256/qachannels/*/spectroscopy/result/enable 0
2025.11.12 17:03:20.350   set /dev12256/qachannels/*/output/rflfinterlock 1
2025.11.12 17:03:20.350   set /dev12256/qachannels/*/oscs/*/gain 1.0
2025.11.12 17:03:20.350   set /dev12256/scopes/0/enable 0
2025.11.12 17:03:20.350   set /dev12256/scopes/0/channels/*/enable 0
